# JRE version: Java(TM) SE Runtime Environment (13.0.2+8) (build 13.0.2+8)
# Java VM: Java HotSpot(TM) 64-Bit Server VM (13.0.2+8, mixed mode, sharing, tiered, compressed oops, g1 gc, windows-amd64)
Heap:
 garbage-first heap   total 155648K, used 31980K [0x0000000702000000, 0x0000000800000000)
  region size 1024K, 8 young (8192K), 3 survivors (3072K)
 Metaspace       used 41125K, capacity 42473K, committed 42624K, reserved 1087488K
  class space    used 4916K, capacity 5414K, committed 5504K, reserved 1048576K
GC Heap History (20 events):
Event: 7.619 GC heap before
{Heap before GC invocations=8 (full 0):
 garbage-first heap   total 37888K, used 28321K [0x0000000702000000, 0x0000000800000000)
  region size 1024K, 16 young (16384K), 2 survivors (2048K)
 Metaspace       used 30950K, capacity 32066K, committed 32128K, reserved 1077248K
  class space    used 3760K, capacity 4211K, committed 4224K, reserved 1048576K
}
Event: 7.623 GC heap after
{Heap after GC invocations=9 (full 0):
 garbage-first heap   total 37888K, used 14755K [0x0000000702000000, 0x0000000800000000)
  region size 1024K, 1 young (1024K), 1 survivors (1024K)
 Metaspace       used 30950K, capacity 32066K, committed 32128K, reserved 1077248K
  class space    used 3760K, capacity 4211K, committed 4224K, reserved 1048576K
}
Event: 7.773 GC heap before
{Heap before GC invocations=9 (full 0):
 garbage-first heap   total 37888K, used 27043K [0x0000000702000000, 0x0000000800000000)
  region size 1024K, 14 young (14336K), 1 survivors (1024K)
 Metaspace       used 31299K, capacity 32420K, committed 32768K, reserved 1077248K
  class space    used 3791K, capacity 4243K, committed 4352K, reserved 1048576K
}
Event: 7.777 GC heap after
{Heap after GC invocations=10 (full 0):
 garbage-first heap   total 37888K, used 17614K [0x0000000702000000, 0x0000000800000000)
  region size 1024K, 2 young (2048K), 2 survivors (2048K)
 Metaspace       used 31299K, capacity 32420K, committed 32768K, reserved 1077248K
  class space    used 3791K, capacity 4243K, committed 4352K, reserved 1048576K
}
Event: 7.938 GC heap before
{Heap before GC invocations=10 (full 0):
 garbage-first heap   total 37888K, used 28878K [0x0000000702000000, 0x0000000800000000)
  region size 1024K, 13 young (13312K), 2 survivors (2048K)
 Metaspace       used 31452K, capacity 32557K, committed 32768K, reserved 1077248K
  class space    used 3803K, capacity 4246K, committed 4352K, reserved 1048576K
}
Event: 7.942 GC heap after
{Heap after GC invocations=11 (full 0):
 garbage-first heap   total 37888K, used 20133K [0x0000000702000000, 0x0000000800000000)
  region size 1024K, 2 young (2048K), 2 survivors (2048K)
 Metaspace       used 31452K, capacity 32557K, committed 32768K, reserved 1077248K
  class space    used 3803K, capacity 4246K, committed 4352K, reserved 1048576K
}
Event: 7.980 GC heap before
{Heap before GC invocations=11 (full 0):
 garbage-first heap   total 37888K, used 28325K [0x0000000702000000, 0x0000000800000000)
  region size 1024K, 10 young (10240K), 2 survivors (2048K)
 Metaspace       used 31495K, capacity 32621K, committed 32768K, reserved 1077248K
  class space    used 3803K, capacity 4246K, committed 4352K, reserved 1048576K
}
Event: 7.987 GC heap after
{Heap after GC invocations=12 (full 0):
 garbage-first heap   total 37888K, used 22412K [0x0000000702000000, 0x0000000800000000)
  region size 1024K, 2 young (2048K), 2 survivors (2048K)
 Metaspace       used 31495K, capacity 32621K, committed 32768K, reserved 1077248K
  class space    used 3803K, capacity 4246K, committed 4352K, reserved 1048576K
}
Event: 8.053 GC heap before
{Heap before GC invocations=13 (full 0):
 garbage-first heap   total 45056K, used 27532K [0x0000000702000000, 0x0000000800000000)
  region size 1024K, 8 young (8192K), 2 survivors (2048K)
 Metaspace       used 31499K, capacity 32615K, committed 32768K, reserved 1077248K
  class space    used 3803K, capacity 4245K, committed 4352K, reserved 1048576K
}
Event: 8.057 GC heap after
{Heap after GC invocations=14 (full 0):
 garbage-first heap   total 45056K, used 24279K [0x0000000702000000, 0x0000000800000000)
  region size 1024K, 1 young (1024K), 1 survivors (1024K)
 Metaspace       used 31499K, capacity 32615K, committed 32768K, reserved 1077248K
  class space    used 3803K, capacity 4245K, committed 4352K, reserved 1048576K
}
Event: 8.254 GC heap before
{Heap before GC invocations=14 (full 0):
 garbage-first heap   total 45056K, used 31447K [0x0000000702000000, 0x0000000800000000)
  region size 1024K, 8 young (8192K), 1 survivors (1024K)
 Metaspace       used 31510K, capacity 32616K, committed 32768K, reserved 1077248K
  class space    used 3803K, capacity 4245K, committed 4352K, reserved 1048576K
}
Event: 8.257 GC heap after
{Heap after GC invocations=15 (full 0):
 garbage-first heap   total 45056K, used 25984K [0x0000000702000000, 0x0000000800000000)
  region size 1024K, 1 young (1024K), 1 survivors (1024K)
 Metaspace       used 31510K, capacity 32616K, committed 32768K, reserved 1077248K
  class space    used 3803K, capacity 4245K, committed 4352K, reserved 1048576K
}
Event: 8.281 GC heap before
{Heap before GC invocations=15 (full 0):
 garbage-first heap   total 45056K, used 32128K [0x0000000702000000, 0x0000000800000000)
  region size 1024K, 7 young (7168K), 1 survivors (1024K)
 Metaspace       used 31513K, capacity 32616K, committed 32768K, reserved 1077248K
  class space    used 3803K, capacity 4245K, committed 4352K, reserved 1048576K
}
Event: 8.284 GC heap after
{Heap after GC invocations=16 (full 0):
 garbage-first heap   total 45056K, used 27341K [0x0000000702000000, 0x0000000800000000)
  region size 1024K, 1 young (1024K), 1 survivors (1024K)
 Metaspace       used 31513K, capacity 32616K, committed 32768K, reserved 1077248K
  class space    used 3803K, capacity 4245K, committed 4352K, reserved 1048576K
}
Event: 8.328 GC heap before
{Heap before GC invocations=17 (full 0):
 garbage-first heap   total 51200K, used 32461K [0x0000000702000000, 0x0000000800000000)
  region size 1024K, 7 young (7168K), 1 survivors (1024K)
 Metaspace       used 31517K, capacity 32616K, committed 32768K, reserved 1077248K
  class space    used 3803K, capacity 4245K, committed 4352K, reserved 1048576K
}
Event: 8.331 GC heap after
{Heap after GC invocations=18 (full 0):
 garbage-first heap   total 51200K, used 29448K [0x0000000702000000, 0x0000000800000000)
  region size 1024K, 1 young (1024K), 1 survivors (1024K)
 Metaspace       used 31517K, capacity 32616K, committed 32768K, reserved 1077248K
  class space    used 3803K, capacity 4245K, committed 4352K, reserved 1048576K
}
Event: 8.400 GC heap before
{Heap before GC invocations=18 (full 0):
 garbage-first heap   total 51200K, used 29448K [0x0000000702000000, 0x0000000800000000)
  region size 1024K, 2 young (2048K), 1 survivors (1024K)
 Metaspace       used 31552K, capacity 32626K, committed 32768K, reserved 1077248K
  class space    used 3804K, capacity 4246K, committed 4352K, reserved 1048576K
}
Event: 8.405 GC heap after
{Heap after GC invocations=19 (full 0):
 garbage-first heap   total 155648K, used 25441K [0x0000000702000000, 0x0000000800000000)
  region size 1024K, 1 young (1024K), 1 survivors (1024K)
 Metaspace       used 31552K, capacity 32626K, committed 32768K, reserved 1077248K
  class space    used 3804K, capacity 4246K, committed 4352K, reserved 1048576K
}
Event: 53.195 GC heap before
{Heap before GC invocations=19 (full 0):
 garbage-first heap   total 155648K, used 66401K [0x0000000702000000, 0x0000000800000000)
  region size 1024K, 42 young (43008K), 1 survivors (1024K)
 Metaspace       used 39306K, capacity 40602K, committed 40832K, reserved 1085440K
  class space    used 4724K, capacity 5217K, committed 5248K, reserved 1048576K
}
Event: 53.201 GC heap after
{Heap after GC invocations=20 (full 0):
 garbage-first heap   total 155648K, used 27884K [0x0000000702000000, 0x0000000800000000)
  region size 1024K, 3 young (3072K), 3 survivors (3072K)
 Metaspace       used 39306K, capacity 40602K, committed 40832K, reserved 1085440K
  class space    used 4724K, capacity 5217K, committed 5248K, reserved 1048576K
}

